<?xml version="1.0" encoding="UTF-8"?>
<!-- Generated by org.testng.reporters.JUnitReportReporter -->
<testsuite hostname="LAPTOP-JTV0PAQQ" failures="0" tests="3" name="dataProvider.DemoRes" time="0.034" errors="0" timestamp="2022-09-20T21:32:17 IST" skipped="0">
  <testcase classname="dataProvider.DemoRes" name="useData" time="0.005"/>
  <system-out/>
  <testcase classname="dataProvider.DemoRes" name="useData" time="0.008"/>
  <system-out/>
  <testcase classname="dataProvider.DemoRes" name="useData" time="0.021"/>
  <system-out/>
</testsuite> <!-- dataProvider.DemoRes -->
