<?xml version="1.0" encoding="UTF-8"?>
<!-- Generated by org.testng.reporters.JUnitReportReporter -->
<testsuite hostname="LAPTOP-JTV0PAQQ" failures="0" tests="1" name="dataProvider.Demo" time="0.037" errors="0" timestamp="2022-09-20T18:30:43 IST" skipped="0">
  <testcase classname="dataProvider.Demo" name="get" time="0.037"/>
  <system-out/>
</testsuite> <!-- dataProvider.Demo -->
