<?xml version="1.0" encoding="UTF-8"?>
<!-- Generated by org.testng.reporters.JUnitReportReporter -->
<testsuite hostname="LAPTOP-JTV0PAQQ" failures="0" tests="1" name="test.AnnotationSeq" time="0.005" errors="0" timestamp="2022-09-20T18:01:20 IST" skipped="0">
  <testcase classname="test.AnnotationSeq" name="test2" time="0.005"/>
  <system-out/>
</testsuite> <!-- test.AnnotationSeq -->
