<?xml version="1.0" encoding="UTF-8"?>
<!-- Generated by org.testng.reporters.JUnitReportReporter -->
<testsuite hostname="LAPTOP-JTV0PAQQ" failures="0" tests="1" name="xmlunderstanding.Parameterization" time="0.026" errors="0" timestamp="2022-09-20T18:01:20 IST" skipped="0">
  <testcase classname="xmlunderstanding.Parameterization" name="test" time="0.026"/>
  <system-out/>
</testsuite> <!-- xmlunderstanding.Parameterization -->
