<?xml version="1.0" encoding="UTF-8"?>
<!-- Generated by org.testng.reporters.JUnitReportReporter -->
<testsuite hostname="LAPTOP-JTV0PAQQ" failures="0" tests="3" name="xmlunderstanding.Day2" time="0.044" errors="0" timestamp="2022-09-20T17:40:00 IST" skipped="0">
  <testcase classname="xmlunderstanding.Day2" name="homeloanlogin" time="0.003"/>
  <system-out/>
  <testcase classname="xmlunderstanding.Day2" name="personalloanlogin" time="0.037"/>
  <system-out/>
  <testcase classname="xmlunderstanding.Day2" name="carloanlogin" time="0.004"/>
  <system-out/>
</testsuite> <!-- xmlunderstanding.Day2 -->
