<?xml version="1.0" encoding="UTF-8"?>
<!-- Generated by org.testng.reporters.JUnitReportReporter -->
<testsuite hostname="LAPTOP-JTV0PAQQ" failures="0" tests="1" name="xmlunderstanding.Day1" time="0.046" errors="0" timestamp="2022-09-20T16:42:14 IST" skipped="0">
  <testcase classname="xmlunderstanding.Day1" name="homeloan" time="0.046"/>
  <system-out/>
</testsuite> <!-- xmlunderstanding.Day1 -->
