<?xml version="1.0" encoding="UTF-8"?>
<!-- Generated by org.testng.reporters.JUnitReportReporter -->
<testsuite hostname="LAPTOP-JTV0PAQQ" failures="0" tests="1" name="xmlunderstanding.Day3" time="0.004" errors="0" timestamp="2022-09-20T16:42:15 IST" skipped="0">
  <testcase classname="xmlunderstanding.Day3" name="personelloanExist" time="0.004"/>
  <system-out/>
</testsuite> <!-- xmlunderstanding.Day3 -->
