<?xml version="1.0" encoding="UTF-8"?>
<!-- Generated by org.testng.reporters.JUnitReportReporter -->
<testsuite hostname="LAPTOP-JTV0PAQQ" failures="0" tests="6" name="test.MultipleTests" time="0.022" errors="0" timestamp="2022-09-20T12:01:48 IST" skipped="1">
  <testcase classname="test.MultipleTests" name="test1" time="0.005"/>
  <system-out/>
  <testcase classname="test.MultipleTests" name="test3" time="0.002"/>
  <system-out/>
  <testcase classname="test.MultipleTests" name="test4" time="0.007"/>
  <system-out/>
  <testcase classname="test.MultipleTests" name="test5" time="0.005"/>
  <system-out/>
  <testcase classname="test.MultipleTests" name="test6" time="0.003"/>
  <system-out/>
  <testcase classname="test.MultipleTests" name="test2">
    <skipped/>
  </testcase> <!-- test2 -->
  <system-out/>
</testsuite> <!-- test.MultipleTests -->
